Build started 15/10/2015 1:55:49 PM.
     1>Project "C:\Users\Qiang\Desktop\UGVProject\VirtualWorld\VirtualWorld.vcxproj" on node 3 (Build target(s)).
     1>ClCompile:
         C:\Program Files (x86)\Microsoft Visual Studio 14.0\VC\bin\CL.exe /c /IC:\Users\Qiang\Desktop\UGVProject\include /IC:\Users\Qiang\Desktop\UGVProject\VirtualWorld\include /ZI /nologo /W3 /WX- /Od /Oy- /D WIN32 /D _DEBUG /D _CONSOLE /D _UNICODE /D UNICODE /Gm /EHsc /RTC1 /MDd /GS /fp:precise /Zc:wchar_t /Zc:forScope /Zc:inline /Fo"Debug\\" /Fd"Debug\vc140.pdb" /Gd /TP /analyze- /errorReport:prompt main.cpp
         main.cpp
     1>c:\users\qiang\desktop\ugvproject\virtualworld\main.cpp(88): warning C4101: 'pLaserData': unreferenced local variable
     1>c:\users\qiang\desktop\ugvproject\virtualworld\main.cpp(87): warning C4101: 'pProcessManagement': unreferenced local variable
       Link:
         C:\Program Files (x86)\Microsoft Visual Studio 14.0\VC\bin\link.exe /ERRORREPORT:PROMPT /OUT:"C:\Users\Qiang\Desktop\UGVProject\Debug\VirtualWorld.exe" /INCREMENTAL /NOLOGO /LIBPATH:C:\Users\Qiang\Desktop\UGVProject\lib kernel32.lib user32.lib gdi32.lib winspool.lib comdlg32.lib advapi32.lib shell32.lib ole32.lib oleaut32.lib uuid.lib odbc32.lib odbccp32.lib /MANIFEST /MANIFESTUAC:"level='asInvoker' uiAccess='false'" /manifest:embed /Debug /PDB:"C:\Users\Qiang\Desktop\UGVProject\Debug\VirtualWorld.pdb" /SUBSYSTEM:CONSOLE /TLBID:1 /DYNAMICBASE /NXCOMPAT /IMPLIB:"C:\Users\Qiang\Desktop\UGVProject\Debug\VirtualWorld.lib" /MACHINE:X86 Debug\SharedMemory.obj
         Debug\SharedMemoryFcn.obj
         Debug\Camera.obj
         Debug\Frustum.obj
         Debug\Ground.obj
         Debug\HUD.obj
         Debug\KeyManager.obj
         Debug\main.obj
         Debug\Messages.obj
         Debug\MyVehicle.obj
         Debug\Quaternion.obj
         Debug\Shape.obj
         Debug\VectorMaths.obj
         Debug\Vehicle.obj
         VirtualWorld.vcxproj -> C:\Users\Qiang\Desktop\UGVProject\Debug\VirtualWorld.exe
     1>Done Building Project "C:\Users\Qiang\Desktop\UGVProject\VirtualWorld\VirtualWorld.vcxproj" (Build target(s)).

Build succeeded.

Time Elapsed 00:00:04.26
