c:\users\qiang\desktop\ugvproject\virtualworld\debug\vc140.pdb
c:\users\qiang\desktop\ugvproject\virtualworld\debug\vc140.idb
c:\users\qiang\desktop\ugvproject\virtualworld\debug\camera.obj
c:\users\qiang\desktop\ugvproject\virtualworld\debug\ground.obj
c:\users\qiang\desktop\ugvproject\virtualworld\debug\keymanager.obj
c:\users\qiang\desktop\ugvproject\virtualworld\debug\messages.obj
c:\users\qiang\desktop\ugvproject\virtualworld\debug\quaternion.obj
c:\users\qiang\desktop\ugvproject\virtualworld\debug\vectormaths.obj
c:\users\qiang\desktop\ugvproject\virtualworld\debug\vehicle.obj
c:\users\qiang\desktop\ugvproject\virtualworld\debug\frustum.obj
c:\users\qiang\desktop\ugvproject\virtualworld\debug\hud.obj
c:\users\qiang\desktop\ugvproject\virtualworld\debug\main.obj
c:\users\qiang\desktop\ugvproject\virtualworld\debug\myvehicle.obj
c:\users\qiang\desktop\ugvproject\virtualworld\debug\shape.obj
c:\users\qiang\desktop\ugvproject\virtualworld\debug\sharedmemoryfcn.obj
c:\users\qiang\desktop\ugvproject\debug\virtualworld.ilk
c:\users\qiang\desktop\ugvproject\debug\virtualworld.exe
c:\users\qiang\desktop\ugvproject\debug\virtualworld.pdb
c:\users\qiang\desktop\ugvproject\virtualworld\debug\virtualworld.tlog\cl.command.1.tlog
c:\users\qiang\desktop\ugvproject\virtualworld\debug\virtualworld.tlog\cl.read.1.tlog
c:\users\qiang\desktop\ugvproject\virtualworld\debug\virtualworld.tlog\cl.write.1.tlog
c:\users\qiang\desktop\ugvproject\virtualworld\debug\virtualworld.tlog\link.command.1.tlog
c:\users\qiang\desktop\ugvproject\virtualworld\debug\virtualworld.tlog\link.read.1.tlog
c:\users\qiang\desktop\ugvproject\virtualworld\debug\virtualworld.tlog\link.write.1.tlog
