d:\__mtrn3500\ugvproject\memorymanagement\debug\sharedmemoryfcn.obj
d:\__mtrn3500\ugvproject\memorymanagement\debug\sharedmemory000.obj
d:\__mtrn3500\ugvproject\memorymanagement\debug\vc110.pdb
d:\__mtrn3500\ugvproject\debug\memorymanagement.ilk
d:\__mtrn3500\ugvproject\debug\memorymanagement.exe
d:\__mtrn3500\ugvproject\debug\memorymanagement.pdb
c:\users\qiang\desktop\ugvproject\memorymanagement\debug\vc140.pdb
c:\users\qiang\desktop\ugvproject\memorymanagement\debug\vc140.idb
c:\users\qiang\desktop\ugvproject\memorymanagement\debug\sharedmemory000.obj
c:\users\qiang\desktop\ugvproject\memorymanagement\debug\sharedmemoryfcn.obj
c:\users\qiang\desktop\ugvproject\debug\memorymanagement.ilk
c:\users\qiang\desktop\ugvproject\debug\memorymanagement.exe
c:\users\qiang\desktop\ugvproject\debug\memorymanagement.pdb
c:\users\qiang\desktop\ugvproject\memorymanagement\debug\cl.command.1.tlog
c:\users\qiang\desktop\ugvproject\memorymanagement\debug\cl.read.1.tlog
c:\users\qiang\desktop\ugvproject\memorymanagement\debug\cl.write.1.tlog
c:\users\qiang\desktop\ugvproject\memorymanagement\debug\link-cvtres.read.1.tlog
c:\users\qiang\desktop\ugvproject\memorymanagement\debug\link-cvtres.write.1.tlog
c:\users\qiang\desktop\ugvproject\memorymanagement\debug\link-rc.read.1.tlog
c:\users\qiang\desktop\ugvproject\memorymanagement\debug\link-rc.write.1.tlog
c:\users\qiang\desktop\ugvproject\memorymanagement\debug\link.command.1.tlog
c:\users\qiang\desktop\ugvproject\memorymanagement\debug\link.read.1.tlog
c:\users\qiang\desktop\ugvproject\memorymanagement\debug\link.write.1.tlog
c:\users\qiang\desktop\ugvproject\memorymanagement\debug\vc110.idb
c:\users\qiang\desktop\ugvproject\memorymanagement\debug\vc110.pdb
c:\users\qiang\desktop\ugvproject\memorymanagement\debug\memorymanagement.tlog\cl.command.1.tlog
c:\users\qiang\desktop\ugvproject\memorymanagement\debug\memorymanagement.tlog\cl.read.1.tlog
c:\users\qiang\desktop\ugvproject\memorymanagement\debug\memorymanagement.tlog\cl.write.1.tlog
c:\users\qiang\desktop\ugvproject\memorymanagement\debug\memorymanagement.tlog\link.command.1.tlog
c:\users\qiang\desktop\ugvproject\memorymanagement\debug\memorymanagement.tlog\link.read.1.tlog
c:\users\qiang\desktop\ugvproject\memorymanagement\debug\memorymanagement.tlog\link.write.1.tlog
