d:\__mtrn3500\ugvproject\processmanagement\debug\sharedmemoryfcn.obj
d:\__mtrn3500\ugvproject\processmanagement\debug\processmanagement.obj
d:\__mtrn3500\ugvproject\processmanagement\debug\vc110.pdb
d:\__mtrn3500\ugvproject\debug\processmanagement.ilk
d:\__mtrn3500\ugvproject\debug\processmanagement.exe
d:\__mtrn3500\ugvproject\debug\processmanagement.pdb
c:\users\qiang\desktop\ugvproject\processmanagement\debug\vc140.pdb
c:\users\qiang\desktop\ugvproject\processmanagement\debug\vc140.idb
c:\users\qiang\desktop\ugvproject\processmanagement\debug\processmanagement.obj
c:\users\qiang\desktop\ugvproject\processmanagement\debug\sharedmemoryfcn.obj
c:\users\qiang\desktop\ugvproject\debug\processmanagement.ilk
c:\users\qiang\desktop\ugvproject\debug\processmanagement.exe
c:\users\qiang\desktop\ugvproject\debug\processmanagement.pdb
c:\users\qiang\desktop\ugvproject\processmanagement\debug\cl.command.1.tlog
c:\users\qiang\desktop\ugvproject\processmanagement\debug\cl.read.1.tlog
c:\users\qiang\desktop\ugvproject\processmanagement\debug\cl.write.1.tlog
c:\users\qiang\desktop\ugvproject\processmanagement\debug\link-cvtres.read.1.tlog
c:\users\qiang\desktop\ugvproject\processmanagement\debug\link-cvtres.write.1.tlog
c:\users\qiang\desktop\ugvproject\processmanagement\debug\link-rc.read.1.tlog
c:\users\qiang\desktop\ugvproject\processmanagement\debug\link-rc.write.1.tlog
c:\users\qiang\desktop\ugvproject\processmanagement\debug\link.command.1.tlog
c:\users\qiang\desktop\ugvproject\processmanagement\debug\link.read.1.tlog
c:\users\qiang\desktop\ugvproject\processmanagement\debug\link.write.1.tlog
c:\users\qiang\desktop\ugvproject\processmanagement\debug\vc110.idb
c:\users\qiang\desktop\ugvproject\processmanagement\debug\vc110.pdb
c:\users\qiang\desktop\ugvproject\processmanagement\debug\processm.d7e4478b.tlog\cl.command.1.tlog
c:\users\qiang\desktop\ugvproject\processmanagement\debug\processm.d7e4478b.tlog\cl.read.1.tlog
c:\users\qiang\desktop\ugvproject\processmanagement\debug\processm.d7e4478b.tlog\cl.write.1.tlog
c:\users\qiang\desktop\ugvproject\processmanagement\debug\processm.d7e4478b.tlog\link.command.1.tlog
c:\users\qiang\desktop\ugvproject\processmanagement\debug\processm.d7e4478b.tlog\link.read.1.tlog
c:\users\qiang\desktop\ugvproject\processmanagement\debug\processm.d7e4478b.tlog\link.write.1.tlog
