d:\__mtrn3500\ugvproject\ugvcontrol\debug\sharedmemoryfcn.obj
d:\__mtrn3500\ugvproject\ugvcontrol\debug\ugvcontrol000.obj
d:\__mtrn3500\ugvproject\ugvcontrol\debug\vc110.pdb
d:\__mtrn3500\ugvproject\debug\ugvcontrol.ilk
d:\__mtrn3500\ugvproject\debug\ugvcontrol.exe
d:\__mtrn3500\ugvproject\debug\ugvcontrol.pdb
c:\users\qiang\desktop\ugvproject\ugvcontrol\debug\vc140.pdb
c:\users\qiang\desktop\ugvproject\ugvcontrol\debug\vc140.idb
c:\users\qiang\desktop\ugvproject\ugvcontrol\debug\sharedmemoryfcn.obj
c:\users\qiang\desktop\ugvproject\ugvcontrol\debug\ugvcontrol000.obj
c:\users\qiang\desktop\ugvproject\debug\ugvcontrol.ilk
c:\users\qiang\desktop\ugvproject\debug\ugvcontrol.exe
c:\users\qiang\desktop\ugvproject\debug\ugvcontrol.pdb
c:\users\qiang\desktop\ugvproject\ugvcontrol\debug\cl.command.1.tlog
c:\users\qiang\desktop\ugvproject\ugvcontrol\debug\cl.read.1.tlog
c:\users\qiang\desktop\ugvproject\ugvcontrol\debug\cl.write.1.tlog
c:\users\qiang\desktop\ugvproject\ugvcontrol\debug\link-cvtres.read.1.tlog
c:\users\qiang\desktop\ugvproject\ugvcontrol\debug\link-cvtres.write.1.tlog
c:\users\qiang\desktop\ugvproject\ugvcontrol\debug\link-rc.read.1.tlog
c:\users\qiang\desktop\ugvproject\ugvcontrol\debug\link-rc.write.1.tlog
c:\users\qiang\desktop\ugvproject\ugvcontrol\debug\link.command.1.tlog
c:\users\qiang\desktop\ugvproject\ugvcontrol\debug\link.read.1.tlog
c:\users\qiang\desktop\ugvproject\ugvcontrol\debug\link.write.1.tlog
c:\users\qiang\desktop\ugvproject\ugvcontrol\debug\vc110.idb
c:\users\qiang\desktop\ugvproject\ugvcontrol\debug\vc110.pdb
c:\users\qiang\desktop\ugvproject\ugvcontrol\debug\ugvcontrol.tlog\cl.command.1.tlog
c:\users\qiang\desktop\ugvproject\ugvcontrol\debug\ugvcontrol.tlog\cl.read.1.tlog
c:\users\qiang\desktop\ugvproject\ugvcontrol\debug\ugvcontrol.tlog\cl.write.1.tlog
c:\users\qiang\desktop\ugvproject\ugvcontrol\debug\ugvcontrol.tlog\link.command.1.tlog
c:\users\qiang\desktop\ugvproject\ugvcontrol\debug\ugvcontrol.tlog\link.read.1.tlog
c:\users\qiang\desktop\ugvproject\ugvcontrol\debug\ugvcontrol.tlog\link.write.1.tlog
